{"numFailedTestSuites":0,"numFailedTests":0,"numPassedTestSuites":1,"numPassedTests":1,"numPendingTestSuites":0,"numPendingTests":0,"numRuntimeErrorTestSuites":0,"numTodoTests":0,"numTotalTestSuites":1,"numTotalTests":1,"openHandles":[],"snapshot":{"added":0,"didUpdate":false,"failure":false,"filesAdded":0,"filesRemoved":0,"filesRemovedList":[],"filesUnmatched":0,"filesUpdated":0,"matched":0,"total":0,"unchecked":0,"uncheckedKeysByFile":[],"unmatched":0,"updated":0},"startTime":1642640899471,"success":true,"testResults":[{"assertionResults":[{"ancestorTitles":[],"failureMessages":[],"fullName":"renders learn react link","location":null,"status":"passed","title":"renders learn react link"}],"endTime":1642640901953,"message":"","name":"C:\\Users\\228884\\Desktop\\swu\\swutest\\frontend\\react-test\\src\\App.test.js","startTime":1642640900465,"status":"passed","summary":""}],"wasInterrupted":false,"coverageMap":{"C:\\Users\\228884\\Desktop\\swu\\swutest\\frontend\\react-test\\src\\Todo.js":{"path":"C:\\Users\\228884\\Desktop\\swu\\swutest\\frontend\\react-test\\src\\Todo.js","statementMap":{"0":{"start":{"line":5,"column":6},"end":{"line":5,"column":25}},"1":{"start":{"line":8,"column":2},"end":{"line":13,"column":9}}},"fnMap":{"0":{"name":"Todo","decl":{"start":{"line":3,"column":24},"end":{"line":3,"column":28}},"loc":{"start":{"line":3,"column":51},"end":{"line":14,"column":1}},"line":3},"1":{"name":"handleTodoClick","decl":{"start":{"line":4,"column":11},"end":{"line":4,"column":26}},"loc":{"start":{"line":4,"column":28},"end":{"line":6,"column":3}},"line":4}},"branchMap":{},"s":{"0":0,"1":0},"f":{"0":0,"1":0},"b":{},"_coverageSchema":"1a1c01bbd47fc00a2c39e90264f33305004495a9","hash":"57a183f242fdba7ab5b64d67cc5f471ae18cccde"},"C:\\Users\\228884\\Desktop\\swu\\swutest\\frontend\\react-test\\src\\TodoList.js":{"path":"C:\\Users\\228884\\Desktop\\swu\\swutest\\frontend\\react-test\\src\\TodoList.js","statementMap":{"0":{"start":{"line":5,"column":2},"end":{"line":9,"column":4}},"1":{"start":{"line":7,"column":10},"end":{"line":7,"column":74}}},"fnMap":{"0":{"name":"TodoList","decl":{"start":{"line":4,"column":24},"end":{"line":4,"column":32}},"loc":{"start":{"line":4,"column":56},"end":{"line":10,"column":1}},"line":4},"1":{"name":"(anonymous_1)","decl":{"start":{"line":6,"column":16},"end":{"line":6,"column":17}},"loc":{"start":{"line":6,"column":24},"end":{"line":8,"column":7}},"line":6}},"branchMap":{},"s":{"0":1,"1":0},"f":{"0":1,"1":0},"b":{},"_coverageSchema":"1a1c01bbd47fc00a2c39e90264f33305004495a9","hash":"647713cc46c29823693ab1d23fd67b7ab043461f"},"C:\\Users\\228884\\Desktop\\swu\\swutest\\frontend\\react-test\\src\\App.js":{"path":"C:\\Users\\228884\\Desktop\\swu\\swutest\\frontend\\react-test\\src\\App.js","statementMap":{"0":{"start":{"line":6,"column":26},"end":{"line":6,"column":41}},"1":{"start":{"line":9,"column":28},"end":{"line":9,"column":40}},"2":{"start":{"line":10,"column":22},"end":{"line":10,"column":30}},"3":{"start":{"line":12,"column":2},"end":{"line":17,"column":8}},"4":{"start":{"line":13,"column":24},"end":{"line":13,"column":75}},"5":{"start":{"line":14,"column":4},"end":{"line":16,"column":5}},"6":{"start":{"line":15,"column":6},"end":{"line":15,"column":27}},"7":{"start":{"line":19,"column":2},"end":{"line":21,"column":13}},"8":{"start":{"line":20,"column":4},"end":{"line":20,"column":67}},"9":{"start":{"line":24,"column":17},"end":{"line":24,"column":42}},"10":{"start":{"line":26,"column":4},"end":{"line":28,"column":5}},"11":{"start":{"line":27,"column":6},"end":{"line":27,"column":13}},"12":{"start":{"line":29,"column":4},"end":{"line":31,"column":6}},"13":{"start":{"line":30,"column":6},"end":{"line":30,"column":65}},"14":{"start":{"line":32,"column":4},"end":{"line":32,"column":37}},"15":{"start":{"line":36,"column":21},"end":{"line":36,"column":31}},"16":{"start":{"line":37,"column":17},"end":{"line":37,"column":54}},"17":{"start":{"line":37,"column":39},"end":{"line":37,"column":53}},"18":{"start":{"line":38,"column":4},"end":{"line":38,"column":35}},"19":{"start":{"line":39,"column":4},"end":{"line":39,"column":23}},"20":{"start":{"line":43,"column":29},"end":{"line":43,"column":70}},"21":{"start":{"line":43,"column":55},"end":{"line":43,"column":69}},"22":{"start":{"line":44,"column":4},"end":{"line":44,"column":31}},"23":{"start":{"line":48,"column":4},"end":{"line":48,"column":17}},"24":{"start":{"line":53,"column":4},"end":{"line":53,"column":17}},"25":{"start":{"line":58,"column":4},"end":{"line":58,"column":17}},"26":{"start":{"line":61,"column":2},"end":{"line":70,"column":4}},"27":{"start":{"line":67,"column":33},"end":{"line":67,"column":47}}},"fnMap":{"0":{"name":"App","decl":{"start":{"line":8,"column":9},"end":{"line":8,"column":12}},"loc":{"start":{"line":8,"column":15},"end":{"line":71,"column":1}},"line":8},"1":{"name":"(anonymous_1)","decl":{"start":{"line":12,"column":12},"end":{"line":12,"column":13}},"loc":{"start":{"line":12,"column":18},"end":{"line":17,"column":3}},"line":12},"2":{"name":"(anonymous_2)","decl":{"start":{"line":19,"column":12},"end":{"line":19,"column":13}},"loc":{"start":{"line":19,"column":18},"end":{"line":21,"column":3}},"line":19},"3":{"name":"handleAddTodo","decl":{"start":{"line":23,"column":11},"end":{"line":23,"column":24}},"loc":{"start":{"line":23,"column":27},"end":{"line":33,"column":3}},"line":23},"4":{"name":"(anonymous_4)","decl":{"start":{"line":29,"column":13},"end":{"line":29,"column":14}},"loc":{"start":{"line":29,"column":26},"end":{"line":31,"column":5}},"line":29},"5":{"name":"toggleTodo","decl":{"start":{"line":35,"column":11},"end":{"line":35,"column":21}},"loc":{"start":{"line":35,"column":26},"end":{"line":40,"column":3}},"line":35},"6":{"name":"(anonymous_6)","decl":{"start":{"line":37,"column":31},"end":{"line":37,"column":32}},"loc":{"start":{"line":37,"column":39},"end":{"line":37,"column":53}},"line":37},"7":{"name":"handleClearTodos","decl":{"start":{"line":42,"column":11},"end":{"line":42,"column":27}},"loc":{"start":{"line":42,"column":30},"end":{"line":45,"column":3}},"line":42},"8":{"name":"(anonymous_8)","decl":{"start":{"line":43,"column":47},"end":{"line":43,"column":48}},"loc":{"start":{"line":43,"column":55},"end":{"line":43,"column":69}},"line":43},"9":{"name":"add","decl":{"start":{"line":47,"column":11},"end":{"line":47,"column":14}},"loc":{"start":{"line":47,"column":21},"end":{"line":49,"column":3}},"line":47},"10":{"name":"subtract","decl":{"start":{"line":52,"column":11},"end":{"line":52,"column":19}},"loc":{"start":{"line":52,"column":26},"end":{"line":54,"column":3}},"line":52},"11":{"name":"multiply","decl":{"start":{"line":57,"column":11},"end":{"line":57,"column":19}},"loc":{"start":{"line":57,"column":26},"end":{"line":59,"column":3}},"line":57},"12":{"name":"(anonymous_12)","decl":{"start":{"line":67,"column":25},"end":{"line":67,"column":26}},"loc":{"start":{"line":67,"column":33},"end":{"line":67,"column":47}},"line":67}},"branchMap":{"0":{"loc":{"start":{"line":14,"column":4},"end":{"line":16,"column":5}},"type":"if","locations":[{"start":{"line":14,"column":4},"end":{"line":16,"column":5}},{"start":{},"end":{}}],"line":14},"1":{"loc":{"start":{"line":26,"column":4},"end":{"line":28,"column":5}},"type":"if","locations":[{"start":{"line":26,"column":4},"end":{"line":28,"column":5}},{"start":{},"end":{}}],"line":26}},"s":{"0":1,"1":1,"2":1,"3":1,"4":1,"5":1,"6":0,"7":1,"8":1,"9":0,"10":0,"11":0,"12":0,"13":0,"14":0,"15":0,"16":0,"17":0,"18":0,"19":0,"20":0,"21":0,"22":0,"23":0,"24":0,"25":0,"26":1,"27":0},"f":{"0":1,"1":1,"2":1,"3":0,"4":0,"5":0,"6":0,"7":0,"8":0,"9":0,"10":0,"11":0,"12":0},"b":{"0":[0,1],"1":[0,0]},"_coverageSchema":"1a1c01bbd47fc00a2c39e90264f33305004495a9","hash":"43c674852ad7c6aff9dd8e8779a3e051cb6c66b5"},"C:\\Users\\228884\\Desktop\\swu\\swutest\\frontend\\react-test\\src\\index.js":{"path":"C:\\Users\\228884\\Desktop\\swu\\swutest\\frontend\\react-test\\src\\index.js","statementMap":{"0":{"start":{"line":5,"column":0},"end":{"line":10,"column":2}}},"fnMap":{},"branchMap":{},"s":{"0":0},"f":{},"b":{}},"C:\\Users\\228884\\Desktop\\swu\\swutest\\frontend\\react-test\\src\\reportWebVitals.js":{"path":"C:\\Users\\228884\\Desktop\\swu\\swutest\\frontend\\react-test\\src\\reportWebVitals.js","statementMap":{"0":{"start":{"line":1,"column":24},"end":{"line":11,"column":1}},"1":{"start":{"line":2,"column":2},"end":{"line":10,"column":3}},"2":{"start":{"line":3,"column":4},"end":{"line":9,"column":7}},"3":{"start":{"line":4,"column":6},"end":{"line":4,"column":26}},"4":{"start":{"line":5,"column":6},"end":{"line":5,"column":26}},"5":{"start":{"line":6,"column":6},"end":{"line":6,"column":26}},"6":{"start":{"line":7,"column":6},"end":{"line":7,"column":26}},"7":{"start":{"line":8,"column":6},"end":{"line":8,"column":27}}},"fnMap":{"0":{"name":"(anonymous_0)","decl":{"start":{"line":1,"column":24},"end":{"line":1,"column":25}},"loc":{"start":{"line":1,"column":39},"end":{"line":11,"column":1}},"line":1},"1":{"name":"(anonymous_1)","decl":{"start":{"line":3,"column":30},"end":{"line":3,"column":31}},"loc":{"start":{"line":3,"column":79},"end":{"line":9,"column":5}},"line":3}},"branchMap":{"0":{"loc":{"start":{"line":2,"column":2},"end":{"line":10,"column":3}},"type":"if","locations":[{"start":{"line":2,"column":2},"end":{"line":10,"column":3}},{"start":{},"end":{}}],"line":2},"1":{"loc":{"start":{"line":2,"column":6},"end":{"line":2,"column":52}},"type":"binary-expr","locations":[{"start":{"line":2,"column":6},"end":{"line":2,"column":17}},{"start":{"line":2,"column":21},"end":{"line":2,"column":52}}],"line":2}},"s":{"0":0,"1":0,"2":0,"3":0,"4":0,"5":0,"6":0,"7":0},"f":{"0":0,"1":0},"b":{"0":[0,0],"1":[0,0]}}}}